<?xml version="1.0" encoding="UTF-8"?>
<!-- Generated by org.testng.reporters.JUnitReportReporter -->
<testsuite skipped="0" hostname="FFPTW5CG04920SN" name="org.rahulshettyacademy.eCommerce_tc_1" tests="2" failures="0" timestamp="08 Oct 2022 19:36:05 GMT" time="31.913" errors="0">
  <testcase name="FillFormPositiveFlow" time="20.935" classname="org.rahulshettyacademy.eCommerce_tc_1"/>
  <testcase name="FillFormErrorValidation" time="10.978" classname="org.rahulshettyacademy.eCommerce_tc_1"/>
</testsuite> <!-- org.rahulshettyacademy.eCommerce_tc_1 -->
