<?xml version="1.0" encoding="UTF-8"?>
<!-- Generated by org.testng.reporters.JUnitReportReporter -->
<testsuite skipped="0" hostname="FFPTW5CG04920SN" name="org.rahulshettyacademy.eCommerce_tc_4" tests="2" failures="0" timestamp="09 Oct 2022 18:18:30 GMT" time="102.155" errors="0">
  <testcase name="FillForm" time="53.237" classname="org.rahulshettyacademy.eCommerce_tc_4"/>
  <testcase name="FillForm" time="48.918" classname="org.rahulshettyacademy.eCommerce_tc_4"/>
</testsuite> <!-- org.rahulshettyacademy.eCommerce_tc_4 -->
